#
# There is insufficient memory for the Java Runtime Environment to continue.
# Native memory allocation (mmap) failed to map 65536 bytes for Failed to commit metaspace.
# Possible reasons:
#   The system is out of physical RAM or swap space
#   The process is running with CompressedOops enabled, and the Java Heap may be blocking the growth of the native heap
# Possible solutions:
#   Reduce memory load on the system
#   Increase physical memory or swap space
#   Check if swap backing store is full
#   Decrease Java heap size (-Xmx/-Xms)
#   Decrease number of Java threads
#   Decrease Java thread stack sizes (-Xss)
#   Set larger code cache with -XX:ReservedCodeCacheSize=
#   JVM is running with Unscaled Compressed Oops mode in which the Java heap is
#     placed in the first 4GB address space. The Java Heap base address is the
#     maximum limit for the native heap growth. Please use -XX:HeapBaseMinAddress
#     to set the Java Heap base and to place the Java Heap above 4GB virtual address.
# This output file may be truncated or incomplete.
#
#  Out of Memory Error (virtualSpaceNode.cpp:110), pid=16316, tid=2328
#
# JRE version: Java(TM) SE Runtime Environment (19.0.2+7) (build 19.0.2+7-44)
# Java VM: Java HotSpot(TM) 64-Bit Server VM (19.0.2+7-44, mixed mode, sharing, tiered, compressed oops, compressed class ptrs, g1 gc, windows-amd64)
# No core dump will be written. Minidumps are not enabled by default on client versions of Windows
#

---------------  S U M M A R Y ------------

Command Line: com.mycompany.perpusdata.Perpusdata

Host: AMD Ryzen 3 7320U with Radeon Graphics         , 8 cores, 5G,  Windows 11 , 64 bit Build 22000 (10.0.22000.708)
Time: Tue Nov  7 18:32:54 2023 SE Asia Standard Time elapsed time: 1.026502 seconds (0d 0h 0m 1s)

---------------  T H R E A D  ---------------

Current thread (0x0000025ecc240830):  JavaThread "AWT-EventQueue-0" [_thread_in_vm, id=2328, stack(0x0000006902300000,0x0000006902400000)]

Stack: [0x0000006902300000,0x0000006902400000]
Native frames: (J=compiled Java code, j=interpreted, Vv=VM code, C=native code)
V  [jvm.dll+0x6ee21a]
V  [jvm.dll+0x85765e]
V  [jvm.dll+0x85904e]
V  [jvm.dll+0x859703]
V  [jvm.dll+0x28298f]
V  [jvm.dll+0x8532db]
V  [jvm.dll+0x692cb6]
V  [jvm.dll+0x692d1a]
V  [jvm.dll+0x695613]
V  [jvm.dll+0x6954de]
V  [jvm.dll+0x6936de]
V  [jvm.dll+0x2801cc]
V  [jvm.dll+0x7432cd]
V  [jvm.dll+0x743ccf]
V  [jvm.dll+0x3c999e]
V  [jvm.dll+0x3c8b14]
V  [jvm.dll+0x3c8ab8]
V  [jvm.dll+0x5cd90f]
V  [jvm.dll+0x5cd9b8]
V  [jvm.dll+0x3dd95c]
V  [jvm.dll+0x3dd3f2]
C  0x0000025ebdc3a153

Java frames: (J=compiled Java code, j=interpreted, Vv=VM code)
j  java.awt.DefaultKeyboardFocusManager.dispatchEvent(Ljava/awt/AWTEvent;)Z+492 java.desktop@19.0.2
j  java.awt.Component.dispatchEventImpl(Ljava/awt/AWTEvent;)V+134 java.desktop@19.0.2
j  java.awt.Container.dispatchEventImpl(Ljava/awt/AWTEvent;)V+42 java.desktop@19.0.2
j  java.awt.Window.dispatchEventImpl(Ljava/awt/AWTEvent;)V+19 java.desktop@19.0.2
j  java.awt.Component.dispatchEvent(Ljava/awt/AWTEvent;)V+2 java.desktop@19.0.2
j  java.awt.EventQueue.dispatchEventImpl(Ljava/awt/AWTEvent;Ljava/lang/Object;)V+41 java.desktop@19.0.2
j  java.awt.EventQueue$4.run()Ljava/lang/Void;+32 java.desktop@19.0.2
j  java.awt.EventQueue$4.run()Ljava/lang/Object;+1 java.desktop@19.0.2
j  java.security.AccessController.executePrivileged(Ljava/security/PrivilegedAction;Ljava/security/AccessControlContext;Ljava/lang/Class;)Ljava/lang/Object;+29 java.base@19.0.2
j  java.security.AccessController.doPrivileged(Ljava/security/PrivilegedAction;Ljava/security/AccessControlContext;)Ljava/lang/Object;+13 java.base@19.0.2
j  java.security.ProtectionDomain$JavaSecurityAccessImpl.doIntersectionPrivilege(Ljava/security/PrivilegedAction;Ljava/security/AccessControlContext;Ljava/security/AccessControlContext;)Ljava/lang/Object;+18 java.base@19.0.2
j  java.security.ProtectionDomain$JavaSecurityAccessImpl.doIntersectionPrivilege(Ljava/security/PrivilegedAction;Ljava/security/AccessControlContext;)Ljava/lang/Object;+6 java.base@19.0.2
j  java.awt.EventQueue$5.run()Ljava/lang/Void;+11 java.desktop@19.0.2
j  java.awt.EventQueue$5.run()Ljava/lang/Object;+1 java.desktop@19.0.2
j  java.security.AccessController.executePrivileged(Ljava/security/PrivilegedAction;Ljava/security/AccessControlContext;Ljava/lang/Class;)Ljava/lang/Object;+29 java.base@19.0.2
j  java.security.AccessController.doPrivileged(Ljava/security/PrivilegedAction;Ljava/security/AccessControlContext;)Ljava/lang/Object;+13 java.base@19.0.2
j  java.security.ProtectionDomain$JavaSecurityAccessImpl.doIntersectionPrivilege(Ljava/security/PrivilegedAction;Ljava/security/AccessControlContext;Ljava/security/AccessControlContext;)Ljava/lang/Object;+18 java.base@19.0.2
j  java.awt.EventQueue.dispatchEvent(Ljava/awt/AWTEvent;)V+73 java.desktop@19.0.2
j  java.awt.SequencedEvent.dispatch()V+150 java.desktop@19.0.2
j  java.awt.EventQueue.dispatchEventImpl(Ljava/awt/AWTEvent;Ljava/lang/Object;)V+21 java.desktop@19.0.2
j  java.awt.EventQueue$4.run()Ljava/lang/Void;+32 java.desktop@19.0.2
j  java.awt.EventQueue$4.run()Ljava/lang/Object;+1 java.desktop@19.0.2
j  java.security.AccessController.executePrivileged(Ljava/security/PrivilegedAction;Ljava/security/AccessControlContext;Ljava/lang/Class;)Ljava/lang/Object;+29 java.base@19.0.2
j  java.security.AccessController.doPrivileged(Ljava/security/PrivilegedAction;Ljava/security/AccessControlContext;)Ljava/lang/Object;+13 java.base@19.0.2
j  java.security.ProtectionDomain$JavaSecurityAccessImpl.doIntersectionPrivilege(Ljava/security/PrivilegedAction;Ljava/security/AccessControlContext;Ljava/security/AccessControlContext;)Ljava/lang/Object;+18 java.base@19.0.2
j  java.security.ProtectionDomain$JavaSecurityAccessImpl.doIntersectionPrivilege(Ljava/security/PrivilegedAction;Ljava/security/AccessControlContext;)Ljava/lang/Object;+6 java.base@19.0.2
j  java.awt.EventQueue$5.run()Ljava/lang/Void;+11 java.desktop@19.0.2
j  java.awt.EventQueue$5.run()Ljava/lang/Object;+1 java.desktop@19.0.2
j  java.security.AccessController.executePrivileged(Ljava/security/PrivilegedAction;Ljava/security/AccessControlContext;Ljava/lang/Class;)Ljava/lang/Object;+29 java.base@19.0.2
j  java.security.AccessController.doPrivileged(Ljava/security/PrivilegedAction;Ljava/security/AccessControlContext;)Ljava/lang/Object;+13 java.base@19.0.2
j  java.security.ProtectionDomain$JavaSecurityAccessImpl.doIntersectionPrivilege(Ljava/security/PrivilegedAction;Ljava/security/AccessControlContext;Ljava/security/AccessControlContext;)Ljava/lang/Object;+18 java.base@19.0.2
j  java.awt.EventQueue.dispatchEvent(Ljava/awt/AWTEvent;)V+73 java.desktop@19.0.2
j  java.awt.EventDispatchThread.pumpOneEventForFilters(I)V+81 java.desktop@19.0.2
j  java.awt.EventDispatchThread.pumpEventsForFilter(ILjava/awt/Conditional;Ljava/awt/EventFilter;)V+35 java.desktop@19.0.2
j  java.awt.EventDispatchThread.pumpEventsForHierarchy(ILjava/awt/Conditional;Ljava/awt/Component;)V+11 java.desktop@19.0.2
j  java.awt.EventDispatchThread.pumpEvents(ILjava/awt/Conditional;)V+4 java.desktop@19.0.2
j  java.awt.EventDispatchThread.pumpEvents(Ljava/awt/Conditional;)V+3 java.desktop@19.0.2
j  java.awt.EventDispatchThread.run()V+9 java.desktop@19.0.2
v  ~StubRoutines::call_stub 0x0000025ebdc1100e

---------------  P R O C E S S  ---------------

Threads class SMR info:
_java_thread_list=0x0000025eacfa0870, length=17, elements={
0x0000025ecc23ad00, 0x0000025ecc23b7d0, 0x0000025ecc2412d0, 0x0000025ecc23fd90,
0x0000025ecc241820, 0x0000025ecc23e300, 0x0000025ecc250c90, 0x0000025ecc254b00,
0x0000025ecc240d80, 0x0000025ecc23e850, 0x0000025ecc23eda0, 0x0000025ecc23f2f0,
0x0000025ecc2402e0, 0x0000025ecc23f840, 0x0000025ecc240830, 0x0000025ed907dc80,
0x0000025ed907fc60
}

Java Threads: ( => current thread )
  0x0000025ecc23ad00 JavaThread "Reference Handler" daemon [_thread_blocked, id=4600, stack(0x0000006900c00000,0x0000006900d00000)]
  0x0000025ecc23b7d0 JavaThread "Finalizer" daemon [_thread_blocked, id=19548, stack(0x0000006900d00000,0x0000006900e00000)]
  0x0000025ecc2412d0 JavaThread "Signal Dispatcher" daemon [_thread_blocked, id=5656, stack(0x0000006900e00000,0x0000006900f00000)]
  0x0000025ecc23fd90 JavaThread "Attach Listener" daemon [_thread_blocked, id=9536, stack(0x0000006900f00000,0x0000006901000000)]
  0x0000025ecc241820 JavaThread "Service Thread" daemon [_thread_blocked, id=1732, stack(0x0000006901000000,0x0000006901100000)]
  0x0000025ecc23e300 JavaThread "Monitor Deflation Thread" daemon [_thread_blocked, id=15284, stack(0x0000006901100000,0x0000006901200000)]
  0x0000025ecc250c90 JavaThread "C2 CompilerThread0" daemon [_thread_blocked, id=17980, stack(0x0000006901200000,0x0000006901300000)]
  0x0000025ecc254b00 JavaThread "C1 CompilerThread0" daemon [_thread_blocked, id=14016, stack(0x0000006901300000,0x0000006901400000)]
  0x0000025ecc240d80 JavaThread "Sweeper thread" daemon [_thread_blocked, id=5792, stack(0x0000006901400000,0x0000006901500000)]
  0x0000025ecc23e850 JavaThread "Notification Thread" daemon [_thread_blocked, id=23232, stack(0x0000006901500000,0x0000006901600000)]
  0x0000025ecc23eda0 JavaThread "Common-Cleaner" daemon [_thread_blocked, id=12036, stack(0x0000006901700000,0x0000006901800000)]
  0x0000025ecc23f2f0 JavaThread "Java2D Disposer" daemon [_thread_blocked, id=22860, stack(0x0000006901800000,0x0000006901900000)]
  0x0000025ecc2402e0 JavaThread "AWT-Shutdown" [_thread_blocked, id=8444, stack(0x0000006901900000,0x0000006901a00000)]
  0x0000025ecc23f840 JavaThread "AWT-Windows" daemon [_thread_in_native, id=4180, stack(0x0000006901a00000,0x0000006901b00000)]
=>0x0000025ecc240830 JavaThread "AWT-EventQueue-0" [_thread_in_vm, id=2328, stack(0x0000006902300000,0x0000006902400000)]
  0x0000025ed907dc80 JavaThread "DestroyJavaVM" [_thread_blocked, id=1060, stack(0x0000006900500000,0x0000006900600000)]
  0x0000025ed907fc60 JavaThread "D3D Screen Updater" daemon [_thread_blocked, id=13304, stack(0x0000006902700000,0x0000006902800000)]

Other Threads:
  0x0000025ecc222990 VMThread "VM Thread" [stack: 0x0000006900b00000,0x0000006900c00000] [id=15592]
  0x0000025ed04daa30 WatcherThread "VM Periodic Task Thread" [stack: 0x0000006901600000,0x0000006901700000] [id=21872]
  0x0000025eacfeea20 WorkerThread "GC Thread#0" [stack: 0x0000006900600000,0x0000006900700000] [id=6048]
  0x0000025eacffb040 ConcurrentGCThread "G1 Main Marker" [stack: 0x0000006900700000,0x0000006900800000] [id=8620]
  0x0000025eacffbc70 WorkerThread "G1 Conc#0" [stack: 0x0000006900800000,0x0000006900900000] [id=13880]
  0x0000025ecc0e10a0 ConcurrentGCThread "G1 Refine#0" [stack: 0x0000006900900000,0x0000006900a00000] [id=3100]
  0x0000025ecc0e1ae0 ConcurrentGCThread "G1 Service" [stack: 0x0000006900a00000,0x0000006900b00000] [id=19744]

Threads with active compile tasks:

VM state: not at safepoint (normal execution)

VM Mutex/Monitor currently owned by a thread:  ([mutex/lock_event])
[0x0000025eacf9a350] Metaspace_lock - owner thread: 0x0000025ecc240830

Heap address: 0x00000000a4200000, size: 1470 MB, Compressed Oops mode: 32-bit

CDS archive(s) mapped at: [0x0000000800000000-0x0000000800c40000-0x0000000800c40000), size 12845056, SharedBaseAddress: 0x0000000800000000, ArchiveRelocationMode: 0.
Compressed class space mapped at: 0x0000000801000000-0x0000000841000000, reserved size: 1073741824
Narrow klass base: 0x0000000800000000, Narrow klass shift: 0, Narrow klass range: 0x100000000

GC Precious Log:
 CardTable entry size: 512
 Card Set container configuration: InlinePtr #cards 5 size 8 Array Of Cards #cards 12 size 40 Howl #buckets 4 coarsen threshold 1843 Howl Bitmap #cards 512 size 80 coarsen threshold 460 Card regions per heap region 1 cards per card region 2048
 CPUs: 8 total, 8 available
 Memory: 5877M
 Large Page Support: Disabled
 NUMA Support: Disabled
 Compressed Oops: Enabled (32-bit)
 Heap Region Size: 1M
 Heap Min Capacity: 8M
 Heap Initial Capacity: 92M
 Heap Max Capacity: 1470M
 Pre-touch: Disabled
 Parallel Workers: 8
 Concurrent Workers: 2
 Concurrent Refinement Workers: 8
 Periodic GC: Disabled

Heap:
 garbage-first heap   total 94208K, used 7168K [0x00000000a4200000, 0x0000000100000000)
  region size 1024K, 8 young (8192K), 0 survivors (0K)
 Metaspace       used 7386K, committed 7552K, reserved 1114112K
  class space    used 851K, committed 960K, reserved 1048576K

Heap Regions: E=young(eden), S=young(survivor), O=old, HS=humongous(starts), HC=humongous(continues), CS=collection set, F=free, OA=open archive, CA=closed archive, TAMS=top-at-mark-start (previous, next)
|   0|0x00000000a4200000, 0x00000000a4200000, 0x00000000a4300000|  0%| F|  |TAMS 0x00000000a4200000, 0x00000000a4200000| Untracked 
|   1|0x00000000a4300000, 0x00000000a4300000, 0x00000000a4400000|  0%| F|  |TAMS 0x00000000a4300000, 0x00000000a4300000| Untracked 
|   2|0x00000000a4400000, 0x00000000a4400000, 0x00000000a4500000|  0%| F|  |TAMS 0x00000000a4400000, 0x00000000a4400000| Untracked 
|   3|0x00000000a4500000, 0x00000000a4500000, 0x00000000a4600000|  0%| F|  |TAMS 0x00000000a4500000, 0x00000000a4500000| Untracked 
|   4|0x00000000a4600000, 0x00000000a4600000, 0x00000000a4700000|  0%| F|  |TAMS 0x00000000a4600000, 0x00000000a4600000| Untracked 
|   5|0x00000000a4700000, 0x00000000a4700000, 0x00000000a4800000|  0%| F|  |TAMS 0x00000000a4700000, 0x00000000a4700000| Untracked 
|   6|0x00000000a4800000, 0x00000000a4800000, 0x00000000a4900000|  0%| F|  |TAMS 0x00000000a4800000, 0x00000000a4800000| Untracked 
|   7|0x00000000a4900000, 0x00000000a4900000, 0x00000000a4a00000|  0%| F|  |TAMS 0x00000000a4900000, 0x00000000a4900000| Untracked 
|   8|0x00000000a4a00000, 0x00000000a4a00000, 0x00000000a4b00000|  0%| F|  |TAMS 0x00000000a4a00000, 0x00000000a4a00000| Untracked 
|   9|0x00000000a4b00000, 0x00000000a4b00000, 0x00000000a4c00000|  0%| F|  |TAMS 0x00000000a4b00000, 0x00000000a4b00000| Untracked 
|  10|0x00000000a4c00000, 0x00000000a4c00000, 0x00000000a4d00000|  0%| F|  |TAMS 0x00000000a4c00000, 0x00000000a4c00000| Untracked 
|  11|0x00000000a4d00000, 0x00000000a4d00000, 0x00000000a4e00000|  0%| F|  |TAMS 0x00000000a4d00000, 0x00000000a4d00000| Untracked 
|  12|0x00000000a4e00000, 0x00000000a4e00000, 0x00000000a4f00000|  0%| F|  |TAMS 0x00000000a4e00000, 0x00000000a4e00000| Untracked 
|  13|0x00000000a4f00000, 0x00000000a4f00000, 0x00000000a5000000|  0%| F|  |TAMS 0x00000000a4f00000, 0x00000000a4f00000| Untracked 
|  14|0x00000000a5000000, 0x00000000a5000000, 0x00000000a5100000|  0%| F|  |TAMS 0x00000000a5000000, 0x00000000a5000000| Untracked 
|  15|0x00000000a5100000, 0x00000000a5100000, 0x00000000a5200000|  0%| F|  |TAMS 0x00000000a5100000, 0x00000000a5100000| Untracked 
|  16|0x00000000a5200000, 0x00000000a5200000, 0x00000000a5300000|  0%| F|  |TAMS 0x00000000a5200000, 0x00000000a5200000| Untracked 
|  17|0x00000000a5300000, 0x00000000a5300000, 0x00000000a5400000|  0%| F|  |TAMS 0x00000000a5300000, 0x00000000a5300000| Untracked 
|  18|0x00000000a5400000, 0x00000000a5400000, 0x00000000a5500000|  0%| F|  |TAMS 0x00000000a5400000, 0x00000000a5400000| Untracked 
|  19|0x00000000a5500000, 0x00000000a5500000, 0x00000000a5600000|  0%| F|  |TAMS 0x00000000a5500000, 0x00000000a5500000| Untracked 
|  20|0x00000000a5600000, 0x00000000a5600000, 0x00000000a5700000|  0%| F|  |TAMS 0x00000000a5600000, 0x00000000a5600000| Untracked 
|  21|0x00000000a5700000, 0x00000000a5700000, 0x00000000a5800000|  0%| F|  |TAMS 0x00000000a5700000, 0x00000000a5700000| Untracked 
|  22|0x00000000a5800000, 0x00000000a5800000, 0x00000000a5900000|  0%| F|  |TAMS 0x00000000a5800000, 0x00000000a5800000| Untracked 
|  23|0x00000000a5900000, 0x00000000a5900000, 0x00000000a5a00000|  0%| F|  |TAMS 0x00000000a5900000, 0x00000000a5900000| Untracked 
|  24|0x00000000a5a00000, 0x00000000a5a00000, 0x00000000a5b00000|  0%| F|  |TAMS 0x00000000a5a00000, 0x00000000a5a00000| Untracked 
|  25|0x00000000a5b00000, 0x00000000a5b00000, 0x00000000a5c00000|  0%| F|  |TAMS 0x00000000a5b00000, 0x00000000a5b00000| Untracked 
|  26|0x00000000a5c00000, 0x00000000a5c00000, 0x00000000a5d00000|  0%| F|  |TAMS 0x00000000a5c00000, 0x00000000a5c00000| Untracked 
|  27|0x00000000a5d00000, 0x00000000a5d00000, 0x00000000a5e00000|  0%| F|  |TAMS 0x00000000a5d00000, 0x00000000a5d00000| Untracked 
|  28|0x00000000a5e00000, 0x00000000a5e00000, 0x00000000a5f00000|  0%| F|  |TAMS 0x00000000a5e00000, 0x00000000a5e00000| Untracked 
|  29|0x00000000a5f00000, 0x00000000a5f00000, 0x00000000a6000000|  0%| F|  |TAMS 0x00000000a5f00000, 0x00000000a5f00000| Untracked 
|  30|0x00000000a6000000, 0x00000000a6000000, 0x00000000a6100000|  0%| F|  |TAMS 0x00000000a6000000, 0x00000000a6000000| Untracked 
|  31|0x00000000a6100000, 0x00000000a6100000, 0x00000000a6200000|  0%| F|  |TAMS 0x00000000a6100000, 0x00000000a6100000| Untracked 
|  32|0x00000000a6200000, 0x00000000a6200000, 0x00000000a6300000|  0%| F|  |TAMS 0x00000000a6200000, 0x00000000a6200000| Untracked 
|  33|0x00000000a6300000, 0x00000000a6300000, 0x00000000a6400000|  0%| F|  |TAMS 0x00000000a6300000, 0x00000000a6300000| Untracked 
|  34|0x00000000a6400000, 0x00000000a6400000, 0x00000000a6500000|  0%| F|  |TAMS 0x00000000a6400000, 0x00000000a6400000| Untracked 
|  35|0x00000000a6500000, 0x00000000a6500000, 0x00000000a6600000|  0%| F|  |TAMS 0x00000000a6500000, 0x00000000a6500000| Untracked 
|  36|0x00000000a6600000, 0x00000000a6600000, 0x00000000a6700000|  0%| F|  |TAMS 0x00000000a6600000, 0x00000000a6600000| Untracked 
|  37|0x00000000a6700000, 0x00000000a6700000, 0x00000000a6800000|  0%| F|  |TAMS 0x00000000a6700000, 0x00000000a6700000| Untracked 
|  38|0x00000000a6800000, 0x00000000a6800000, 0x00000000a6900000|  0%| F|  |TAMS 0x00000000a6800000, 0x00000000a6800000| Untracked 
|  39|0x00000000a6900000, 0x00000000a6900000, 0x00000000a6a00000|  0%| F|  |TAMS 0x00000000a6900000, 0x00000000a6900000| Untracked 
|  40|0x00000000a6a00000, 0x00000000a6a00000, 0x00000000a6b00000|  0%| F|  |TAMS 0x00000000a6a00000, 0x00000000a6a00000| Untracked 
|  41|0x00000000a6b00000, 0x00000000a6b00000, 0x00000000a6c00000|  0%| F|  |TAMS 0x00000000a6b00000, 0x00000000a6b00000| Untracked 
|  42|0x00000000a6c00000, 0x00000000a6c00000, 0x00000000a6d00000|  0%| F|  |TAMS 0x00000000a6c00000, 0x00000000a6c00000| Untracked 
|  43|0x00000000a6d00000, 0x00000000a6d00000, 0x00000000a6e00000|  0%| F|  |TAMS 0x00000000a6d00000, 0x00000000a6d00000| Untracked 
|  44|0x00000000a6e00000, 0x00000000a6e00000, 0x00000000a6f00000|  0%| F|  |TAMS 0x00000000a6e00000, 0x00000000a6e00000| Untracked 
|  45|0x00000000a6f00000, 0x00000000a6f00000, 0x00000000a7000000|  0%| F|  |TAMS 0x00000000a6f00000, 0x00000000a6f00000| Untracked 
|  46|0x00000000a7000000, 0x00000000a7000000, 0x00000000a7100000|  0%| F|  |TAMS 0x00000000a7000000, 0x00000000a7000000| Untracked 
|  47|0x00000000a7100000, 0x00000000a7100000, 0x00000000a7200000|  0%| F|  |TAMS 0x00000000a7100000, 0x00000000a7100000| Untracked 
|  48|0x00000000a7200000, 0x00000000a7200000, 0x00000000a7300000|  0%| F|  |TAMS 0x00000000a7200000, 0x00000000a7200000| Untracked 
|  49|0x00000000a7300000, 0x00000000a7300000, 0x00000000a7400000|  0%| F|  |TAMS 0x00000000a7300000, 0x00000000a7300000| Untracked 
|  50|0x00000000a7400000, 0x00000000a7400000, 0x00000000a7500000|  0%| F|  |TAMS 0x00000000a7400000, 0x00000000a7400000| Untracked 
|  51|0x00000000a7500000, 0x00000000a7500000, 0x00000000a7600000|  0%| F|  |TAMS 0x00000000a7500000, 0x00000000a7500000| Untracked 
|  52|0x00000000a7600000, 0x00000000a7600000, 0x00000000a7700000|  0%| F|  |TAMS 0x00000000a7600000, 0x00000000a7600000| Untracked 
|  53|0x00000000a7700000, 0x00000000a7700000, 0x00000000a7800000|  0%| F|  |TAMS 0x00000000a7700000, 0x00000000a7700000| Untracked 
|  54|0x00000000a7800000, 0x00000000a7800000, 0x00000000a7900000|  0%| F|  |TAMS 0x00000000a7800000, 0x00000000a7800000| Untracked 
|  55|0x00000000a7900000, 0x00000000a7900000, 0x00000000a7a00000|  0%| F|  |TAMS 0x00000000a7900000, 0x00000000a7900000| Untracked 
|  56|0x00000000a7a00000, 0x00000000a7a00000, 0x00000000a7b00000|  0%| F|  |TAMS 0x00000000a7a00000, 0x00000000a7a00000| Untracked 
|  57|0x00000000a7b00000, 0x00000000a7b00000, 0x00000000a7c00000|  0%| F|  |TAMS 0x00000000a7b00000, 0x00000000a7b00000| Untracked 
|  58|0x00000000a7c00000, 0x00000000a7c00000, 0x00000000a7d00000|  0%| F|  |TAMS 0x00000000a7c00000, 0x00000000a7c00000| Untracked 
|  59|0x00000000a7d00000, 0x00000000a7d00000, 0x00000000a7e00000|  0%| F|  |TAMS 0x00000000a7d00000, 0x00000000a7d00000| Untracked 
|  60|0x00000000a7e00000, 0x00000000a7e00000, 0x00000000a7f00000|  0%| F|  |TAMS 0x00000000a7e00000, 0x00000000a7e00000| Untracked 
|  61|0x00000000a7f00000, 0x00000000a7f00000, 0x00000000a8000000|  0%| F|  |TAMS 0x00000000a7f00000, 0x00000000a7f00000| Untracked 
|  62|0x00000000a8000000, 0x00000000a8000000, 0x00000000a8100000|  0%| F|  |TAMS 0x00000000a8000000, 0x00000000a8000000| Untracked 
|  63|0x00000000a8100000, 0x00000000a8100000, 0x00000000a8200000|  0%| F|  |TAMS 0x00000000a8100000, 0x00000000a8100000| Untracked 
|  64|0x00000000a8200000, 0x00000000a8200000, 0x00000000a8300000|  0%| F|  |TAMS 0x00000000a8200000, 0x00000000a8200000| Untracked 
|  65|0x00000000a8300000, 0x00000000a8300000, 0x00000000a8400000|  0%| F|  |TAMS 0x00000000a8300000, 0x00000000a8300000| Untracked 
|  66|0x00000000a8400000, 0x00000000a8400000, 0x00000000a8500000|  0%| F|  |TAMS 0x00000000a8400000, 0x00000000a8400000| Untracked 
|  67|0x00000000a8500000, 0x00000000a8500000, 0x00000000a8600000|  0%| F|  |TAMS 0x00000000a8500000, 0x00000000a8500000| Untracked 
|  68|0x00000000a8600000, 0x00000000a8600000, 0x00000000a8700000|  0%| F|  |TAMS 0x00000000a8600000, 0x00000000a8600000| Untracked 
|  69|0x00000000a8700000, 0x00000000a8700000, 0x00000000a8800000|  0%| F|  |TAMS 0x00000000a8700000, 0x00000000a8700000| Untracked 
|  70|0x00000000a8800000, 0x00000000a8800000, 0x00000000a8900000|  0%| F|  |TAMS 0x00000000a8800000, 0x00000000a8800000| Untracked 
|  71|0x00000000a8900000, 0x00000000a8900000, 0x00000000a8a00000|  0%| F|  |TAMS 0x00000000a8900000, 0x00000000a8900000| Untracked 
|  72|0x00000000a8a00000, 0x00000000a8a00000, 0x00000000a8b00000|  0%| F|  |TAMS 0x00000000a8a00000, 0x00000000a8a00000| Untracked 
|  73|0x00000000a8b00000, 0x00000000a8b00000, 0x00000000a8c00000|  0%| F|  |TAMS 0x00000000a8b00000, 0x00000000a8b00000| Untracked 
|  74|0x00000000a8c00000, 0x00000000a8c00000, 0x00000000a8d00000|  0%| F|  |TAMS 0x00000000a8c00000, 0x00000000a8c00000| Untracked 
|  75|0x00000000a8d00000, 0x00000000a8d00000, 0x00000000a8e00000|  0%| F|  |TAMS 0x00000000a8d00000, 0x00000000a8d00000| Untracked 
|  76|0x00000000a8e00000, 0x00000000a8e00000, 0x00000000a8f00000|  0%| F|  |TAMS 0x00000000a8e00000, 0x00000000a8e00000| Untracked 
|  77|0x00000000a8f00000, 0x00000000a8f00000, 0x00000000a9000000|  0%| F|  |TAMS 0x00000000a8f00000, 0x00000000a8f00000| Untracked 
|  78|0x00000000a9000000, 0x00000000a9000000, 0x00000000a9100000|  0%| F|  |TAMS 0x00000000a9000000, 0x00000000a9000000| Untracked 
|  79|0x00000000a9100000, 0x00000000a9100000, 0x00000000a9200000|  0%| F|  |TAMS 0x00000000a9100000, 0x00000000a9100000| Untracked 
|  80|0x00000000a9200000, 0x00000000a9200000, 0x00000000a9300000|  0%| F|  |TAMS 0x00000000a9200000, 0x00000000a9200000| Untracked 
|  81|0x00000000a9300000, 0x00000000a9300000, 0x00000000a9400000|  0%| F|  |TAMS 0x00000000a9300000, 0x00000000a9300000| Untracked 
|  82|0x00000000a9400000, 0x00000000a9400000, 0x00000000a9500000|  0%| F|  |TAMS 0x00000000a9400000, 0x00000000a9400000| Untracked 
|  83|0x00000000a9500000, 0x00000000a9500000, 0x00000000a9600000|  0%| F|  |TAMS 0x00000000a9500000, 0x00000000a9500000| Untracked 
|  84|0x00000000a9600000, 0x00000000a9600800, 0x00000000a9700000|  0%| E|  |TAMS 0x00000000a9600000, 0x00000000a9600000| Complete 
|  85|0x00000000a9700000, 0x00000000a9800000, 0x00000000a9800000|100%| E|CS|TAMS 0x00000000a9700000, 0x00000000a9700000| Complete 
|  86|0x00000000a9800000, 0x00000000a9900000, 0x00000000a9900000|100%| E|CS|TAMS 0x00000000a9800000, 0x00000000a9800000| Complete 
|  87|0x00000000a9900000, 0x00000000a9a00000, 0x00000000a9a00000|100%| E|CS|TAMS 0x00000000a9900000, 0x00000000a9900000| Complete 
|  88|0x00000000a9a00000, 0x00000000a9b00000, 0x00000000a9b00000|100%| E|CS|TAMS 0x00000000a9a00000, 0x00000000a9a00000| Complete 
|  89|0x00000000a9b00000, 0x00000000a9c00000, 0x00000000a9c00000|100%| E|CS|TAMS 0x00000000a9b00000, 0x00000000a9b00000| Complete 
|  90|0x00000000a9c00000, 0x00000000a9d00000, 0x00000000a9d00000|100%| E|CS|TAMS 0x00000000a9c00000, 0x00000000a9c00000| Complete 
|  91|0x00000000a9d00000, 0x00000000a9e00000, 0x00000000a9e00000|100%| E|CS|TAMS 0x00000000a9d00000, 0x00000000a9d00000| Complete 

Card table byte_map: [0x0000025ec6430000,0x0000025ec6710000] _byte_map_base: 0x0000025ec5f0f000

Marking Bits (Prev, Next): (CMBitMap*) 0x0000025eacfeef50, (CMBitMap*) 0x0000025eacfeef90
 Prev Bits: [0x0000025ec69f0000, 0x0000025ec80e8000)
 Next Bits: [0x0000025ec80f0000, 0x0000025ec97e8000)

Polling page: 0x0000025ead070000

Metaspace:

Usage:
  Non-class:      6.38 MB used.
      Class:    851.13 KB used.
       Both:      7.21 MB used.

Virtual space:
  Non-class space:       64.00 MB reserved,       6.44 MB ( 10%) committed,  1 nodes.
      Class space:        1.00 GB reserved,     960.00 KB ( <1%) committed,  1 nodes.
             Both:        1.06 GB reserved,       7.38 MB ( <1%) committed. 

Chunk freelists:
   Non-Class:  1.00 MB
       Class:  3.11 MB
        Both:  4.11 MB

MaxMetaspaceSize: unlimited
CompressedClassSpaceSize: 1.00 GB
Initial GC threshold: 21.00 MB
Current GC threshold: 21.00 MB
CDS: on
MetaspaceReclaimPolicy: balanced
 - commit_granule_bytes: 65536.
 - commit_granule_words: 8192.
 - virtual_space_node_default_size: 8388608.
 - enlarge_chunks_in_place: 1.
 - new_chunks_are_fully_committed: 0.
 - uncommit_free_chunks: 1.
 - use_allocation_guard: 0.


Internal statistics:

num_allocs_failed_limit: 0.
num_arena_births: 144.
num_arena_deaths: 0.
num_vsnodes_births: 2.
num_vsnodes_deaths: 0.
num_space_committed: 118.
num_space_uncommitted: 0.
num_chunks_returned_to_freelist: 0.
num_chunks_taken_from_freelist: 160.
num_chunk_merges: 0.
num_chunk_splits: 109.
num_chunks_enlarged: 71.
num_inconsistent_stats: 0.

CodeHeap 'non-profiled nmethods': size=120000Kb used=193Kb max_used=193Kb free=119806Kb
 bounds [0x0000025ebe1b0000, 0x0000025ebe420000, 0x0000025ec56e0000]
CodeHeap 'profiled nmethods': size=120000Kb used=1055Kb max_used=1055Kb free=118944Kb
 bounds [0x0000025eb66e0000, 0x0000025eb6950000, 0x0000025ebdc10000]
CodeHeap 'non-nmethods': size=5760Kb used=1363Kb max_used=1363Kb free=4396Kb
 bounds [0x0000025ebdc10000, 0x0000025ebde80000, 0x0000025ebe1b0000]
 total_blobs=1360 nmethods=750 adapters=521
 compilation: enabled
              stopped_count=0, restarted_count=0
 full_count=0

Compilation events (20 events):
Event: 0.980 Thread 0x0000025ecc254b00  741       3       java.lang.StrictMath::floorOrCeil (128 bytes)
Event: 0.981 Thread 0x0000025ecc254b00 nmethod 741 0x0000025eb67e6590 code [0x0000025eb67e6760, 0x0000025eb67e6bf8]
Event: 0.981 Thread 0x0000025ecc254b00  742       3       java.lang.Math::getExponent (17 bytes)
Event: 0.981 Thread 0x0000025ecc254b00 nmethod 742 0x0000025eb67e6d10 code [0x0000025eb67e6ea0, 0x0000025eb67e6fd8]
Event: 0.981 Thread 0x0000025ecc254b00  743       1       javax.swing.text.GapVector::getGapStart (5 bytes)
Event: 0.981 Thread 0x0000025ecc254b00 nmethod 743 0x0000025ebe1df690 code [0x0000025ebe1df820, 0x0000025ebe1df8d8]
Event: 0.981 Thread 0x0000025ecc254b00  744       1       javax.swing.text.GapVector::getGapEnd (5 bytes)
Event: 0.981 Thread 0x0000025ecc254b00 nmethod 744 0x0000025ebe1df990 code [0x0000025ebe1dfb20, 0x0000025ebe1dfbd8]
Event: 0.983 Thread 0x0000025ecc254b00  745       1       java.util.concurrent.locks.AbstractQueuedSynchronizer::getState (5 bytes)
Event: 0.983 Thread 0x0000025ecc254b00 nmethod 745 0x0000025ebe1dfc90 code [0x0000025ebe1dfe20, 0x0000025ebe1dfed8]
Event: 0.983 Thread 0x0000025ecc254b00  746       1       java.util.concurrent.locks.AbstractQueuedSynchronizer::setState (6 bytes)
Event: 0.983 Thread 0x0000025ecc254b00 nmethod 746 0x0000025ebe1dff90 code [0x0000025ebe1e0120, 0x0000025ebe1e01f8]
Event: 1.021 Thread 0x0000025ecc254b00  747       1       java.util.EventObject::getSource (5 bytes)
Event: 1.021 Thread 0x0000025ecc254b00 nmethod 747 0x0000025ebe1e0290 code [0x0000025ebe1e0420, 0x0000025ebe1e04d8]
Event: 1.022 Thread 0x0000025ecc254b00  748       3       java.awt.Component::getParent (5 bytes)
Event: 1.022 Thread 0x0000025ecc254b00 nmethod 748 0x0000025eb67e7090 code [0x0000025eb67e7220, 0x0000025eb67e7338]
Event: 1.022 Thread 0x0000025ecc254b00  749       3       java.util.ArrayList$Itr::checkForComodification (23 bytes)
Event: 1.022 Thread 0x0000025ecc254b00 nmethod 749 0x0000025eb67e7410 code [0x0000025eb67e75c0, 0x0000025eb67e7788]
Event: 1.022 Thread 0x0000025ecc254b00  750       3       java.lang.Class::reflectionData (43 bytes)
Event: 1.023 Thread 0x0000025ecc254b00 nmethod 750 0x0000025eb67e7890 code [0x0000025eb67e7a60, 0x0000025eb67e7e78]

GC Heap History (0 events):
No events

Dll operation events (9 events):
Event: 0.011 Loaded shared library C:\Program Files\Java\jdk-19\bin\java.dll
Event: 0.024 Loaded shared library C:\Program Files\Java\jdk-19\bin\jsvml.dll
Event: 0.095 Loaded shared library C:\Program Files\Java\jdk-19\bin\jimage.dll
Event: 0.119 Loaded shared library C:\Program Files\Java\jdk-19\bin\net.dll
Event: 0.122 Loaded shared library C:\Program Files\Java\jdk-19\bin\nio.dll
Event: 0.129 Loaded shared library C:\Program Files\Java\jdk-19\bin\zip.dll
Event: 0.163 Loaded shared library C:\Program Files\Java\jdk-19\bin\awt.dll
Event: 0.726 Loaded shared library C:\Program Files\Java\jdk-19\bin\freetype.dll
Event: 0.729 Loaded shared library C:\Program Files\Java\jdk-19\bin\fontmanager.dll

Deoptimization events (4 events):
Event: 0.864 Thread 0x0000025eacfa0700 Uncommon trap: trap_request=0xffffff45 fr.pc=0x0000025ebe1dcd28 relative=0x0000000000000468
Event: 0.864 Thread 0x0000025eacfa0700 Uncommon trap: reason=unstable_if action=reinterpret pc=0x0000025ebe1dcd28 method=java.lang.StringLatin1.toLowerCase(Ljava/lang/String;[BLjava/util/Locale;)Ljava/lang/String; @ 43 c2
Event: 0.864 Thread 0x0000025eacfa0700 DEOPT PACKING pc=0x0000025ebe1dcd28 sp=0x00000069005fe310
Event: 0.864 Thread 0x0000025eacfa0700 DEOPT UNPACKING pc=0x0000025ebdc76da3 sp=0x00000069005fe280 mode 2

Classes loaded (20 events):
Event: 0.978 Loading class java/awt/print/PrinterGraphics
Event: 0.978 Loading class java/awt/print/PrinterGraphics done
Event: 0.978 Loading class java/awt/PrintGraphics
Event: 0.978 Loading class java/awt/PrintGraphics done
Event: 0.979 Loading class sun/java2d/loops/FontInfo
Event: 0.979 Loading class sun/java2d/loops/FontInfo done
Event: 0.980 Loading class javax/swing/event/ChangeEvent
Event: 0.980 Loading class javax/swing/event/ChangeEvent done
Event: 0.983 Loading class sun/awt/image/ToolkitImage
Event: 0.984 Loading class sun/awt/image/ToolkitImage done
Event: 0.984 Loading class sun/java2d/d3d/D3DSurfaceDataProxy
Event: 0.984 Loading class sun/java2d/d3d/D3DSurfaceDataProxy done
Event: 1.021 Loading class java/awt/DefaultKeyboardFocusManager$DefaultKeyboardFocusManagerSentEvent
Event: 1.021 Loading class java/awt/SentEvent
Event: 1.021 Loading class java/awt/SentEvent done
Event: 1.021 Loading class java/awt/DefaultKeyboardFocusManager$DefaultKeyboardFocusManagerSentEvent done
Event: 1.022 Loading class java/util/ArrayList$ListItr
Event: 1.022 Loading class java/util/ArrayList$ListItr done
Event: 1.022 Loading class java/awt/event/FocusEvent$Cause
Event: 1.022 Loading class java/awt/event/FocusEvent$Cause done

Classes unloaded (0 events):
No events

Classes redefined (0 events):
No events

Internal exceptions (12 events):
Event: 0.144 Thread 0x0000025eacfa0700 Exception <a 'java/lang/ClassNotFoundException'{0x00000000a9b02b30}: sun/awt/resources/spi/awtProvider> (0x00000000a9b02b30) 
thrown [s\open\src\hotspot\share\classfile\systemDictionary.cpp, line 255]
Event: 0.184 Thread 0x0000025eacfa0700 Exception <a 'java/io/FileNotFoundException'{0x00000000a9b5bbf8}> (0x00000000a9b5bbf8) 
thrown [s\open\src\hotspot\share\prims\jni.cpp, line 517]
Event: 0.196 Thread 0x0000025eacfa0700 Exception <a 'java/io/FileNotFoundException'{0x00000000a9b88338}> (0x00000000a9b88338) 
thrown [s\open\src\hotspot\share\prims\jni.cpp, line 517]
Event: 0.282 Thread 0x0000025eacfa0700 Exception <a 'java/lang/NoSuchMethodError'{0x00000000a9bd2758}: 'java.lang.Object java.lang.invoke.DirectMethodHandle$Holder.invokeStaticInit(java.lang.Object)'> (0x00000000a9bd2758) 
thrown [s\open\src\hotspot\share\interpreter\linkResolver.cpp, line 774]
Event: 0.500 Thread 0x0000025eacfa0700 Exception <a 'java/lang/NoSuchMethodError'{0x00000000a9ab2cd8}: 'void java.lang.invoke.DirectMethodHandle$Holder.invokeSpecial(java.lang.Object, java.lang.Object, java.lang.Object)'> (0x00000000a9ab2cd8) 
thrown [s\open\src\hotspot\share\interpreter\linkResolver.cpp, line 774]
Event: 0.517 Thread 0x0000025eacfa0700 Exception <a 'java/lang/NoSuchMethodError'{0x00000000a9add820}: 'java.lang.Object java.lang.invoke.DirectMethodHandle$Holder.newInvokeSpecial(java.lang.Object, java.lang.Object, java.lang.Object, java.lang.Object, java.lang.Object)'> (0x00000000a9add820) 
thrown [s\open\src\hotspot\share\interpreter\linkResolver.cpp, line 774]
Event: 0.528 Thread 0x0000025eacfa0700 Exception <a 'java/lang/NoSuchMethodError'{0x00000000a9922f48}: 'java.lang.Object java.lang.invoke.DirectMethodHandle$Holder.invokeStatic(java.lang.Object, int, java.lang.Object)'> (0x00000000a9922f48) 
thrown [s\open\src\hotspot\share\interpreter\linkResolver.cpp, line 774]
Event: 0.575 Thread 0x0000025eacfa0700 Exception <a 'java/lang/ClassNotFoundException'{0x00000000a99de7f0}: com/sun/swing/internal/plaf/metal/resources/spi/metalProvider> (0x00000000a99de7f0) 
thrown [s\open\src\hotspot\share\classfile\systemDictionary.cpp, line 255]
Event: 0.578 Thread 0x0000025eacfa0700 Exception <a 'java/lang/ClassNotFoundException'{0x00000000a99e2750}: com/sun/swing/internal/plaf/basic/resources/spi/basicProvider> (0x00000000a99e2750) 
thrown [s\open\src\hotspot\share\classfile\systemDictionary.cpp, line 255]
Event: 0.594 Thread 0x0000025eacfa0700 Exception <a 'java/lang/NoSuchMethodError'{0x00000000a9803158}: 'int java.lang.invoke.Invokers$Holder.invokeExact_MT(java.lang.Object, java.lang.Object)'> (0x00000000a9803158) 
thrown [s\open\src\hotspot\share\interpreter\linkResolver.cpp, line 774]
Event: 0.691 Thread 0x0000025ecc23f840 Exception <a 'java/lang/NoSuchMethodError'{0x00000000a9a0fa00}: 'void java.lang.invoke.DirectMethodHandle$Holder.invokeVirtual(java.lang.Object, java.lang.Object)'> (0x00000000a9a0fa00) 
thrown [s\open\src\hotspot\share\interpreter\linkResolver.cpp, line 774]
Event: 0.717 Thread 0x0000025eacfa0700 Exception <a 'java/lang/NoSuchMethodError'{0x00000000a9860008}: 'void java.lang.invoke.DirectMethodHandle$Holder.invokeStaticInit(java.lang.Object)'> (0x00000000a9860008) 
thrown [s\open\src\hotspot\share\interpreter\linkResolver.cpp, line 774]

VM Operations (8 events):
Event: 0.213 Executing VM operation: HandshakeAllThreads
Event: 0.213 Executing VM operation: HandshakeAllThreads done
Event: 0.574 Executing VM operation: HandshakeAllThreads
Event: 0.574 Executing VM operation: HandshakeAllThreads done
Event: 0.642 Executing VM operation: HandshakeAllThreads
Event: 0.642 Executing VM operation: HandshakeAllThreads done
Event: 0.648 Executing VM operation: HandshakeAllThreads
Event: 0.648 Executing VM operation: HandshakeAllThreads done

Events (19 events):
Event: 0.024 Thread 0x0000025eacfa0700 Thread added: 0x0000025eacfa0700
Event: 0.043 Thread 0x0000025ecc23ad00 Thread added: 0x0000025ecc23ad00
Event: 0.043 Thread 0x0000025ecc23b7d0 Thread added: 0x0000025ecc23b7d0
Event: 0.044 Thread 0x0000025ecc2412d0 Thread added: 0x0000025ecc2412d0
Event: 0.044 Thread 0x0000025ecc23fd90 Thread added: 0x0000025ecc23fd90
Event: 0.044 Thread 0x0000025ecc241820 Thread added: 0x0000025ecc241820
Event: 0.044 Thread 0x0000025ecc23e300 Thread added: 0x0000025ecc23e300
Event: 0.045 Thread 0x0000025ecc250c90 Thread added: 0x0000025ecc250c90
Event: 0.045 Thread 0x0000025ecc254b00 Thread added: 0x0000025ecc254b00
Event: 0.045 Thread 0x0000025ecc240d80 Thread added: 0x0000025ecc240d80
Event: 0.071 Thread 0x0000025ecc23e850 Thread added: 0x0000025ecc23e850
Event: 0.077 Thread 0x0000025ecc23eda0 Thread added: 0x0000025ecc23eda0
Event: 0.284 Thread 0x0000025ecc23f2f0 Thread added: 0x0000025ecc23f2f0
Event: 0.289 Thread 0x0000025ecc2402e0 Thread added: 0x0000025ecc2402e0
Event: 0.292 Thread 0x0000025ecc23f840 Thread added: 0x0000025ecc23f840
Event: 0.695 Thread 0x0000025ecc240830 Thread added: 0x0000025ecc240830
Event: 0.951 Thread 0x0000025eacfa0700 Thread exited: 0x0000025eacfa0700
Event: 0.951 Thread 0x0000025ed907dc80 Thread added: 0x0000025ed907dc80
Event: 0.963 Thread 0x0000025ed907fc60 Thread added: 0x0000025ed907fc60


Dynamic libraries:
0x00007ff648c80000 - 0x00007ff648c90000 	C:\Program Files\Java\jdk-19\bin\java.exe
0x00007ffcbef80000 - 0x00007ffcbf189000 	C:\Windows\SYSTEM32\ntdll.dll
0x00007ffcbd770000 - 0x00007ffcbd82d000 	C:\Windows\System32\KERNEL32.DLL
0x00007ffcbc460000 - 0x00007ffcbc7dd000 	C:\Windows\System32\KERNELBASE.dll
0x00007ffcbc9d0000 - 0x00007ffcbcae1000 	C:\Windows\System32\ucrtbase.dll
0x00007ffc9e490000 - 0x00007ffc9e4a8000 	C:\Program Files\Java\jdk-19\bin\jli.dll
0x00007ffcad1a0000 - 0x00007ffcad1bb000 	C:\Program Files\Java\jdk-19\bin\VCRUNTIME140.dll
0x00007ffcbd6c0000 - 0x00007ffcbd76e000 	C:\Windows\System32\ADVAPI32.dll
0x00007ffcbcf00000 - 0x00007ffcbcfa3000 	C:\Windows\System32\msvcrt.dll
0x00007ffcbeda0000 - 0x00007ffcbee3e000 	C:\Windows\System32\sechost.dll
0x00007ffcbe050000 - 0x00007ffcbe170000 	C:\Windows\System32\RPCRT4.dll
0x00007ffcbea20000 - 0x00007ffcbebcd000 	C:\Windows\System32\USER32.dll
0x00007ffcbc7e0000 - 0x00007ffcbc806000 	C:\Windows\System32\win32u.dll
0x00007ffcbd690000 - 0x00007ffcbd6b9000 	C:\Windows\System32\GDI32.dll
0x00007ffca3ae0000 - 0x00007ffca3d85000 	C:\Windows\WinSxS\amd64_microsoft.windows.common-controls_6595b64144ccf1df_6.0.22000.120_none_9d947278b86cc467\COMCTL32.dll
0x00007ffcbc810000 - 0x00007ffcbc928000 	C:\Windows\System32\gdi32full.dll
0x00007ffcbc930000 - 0x00007ffcbc9cd000 	C:\Windows\System32\msvcp_win.dll
0x00007ffcb3a70000 - 0x00007ffcb3a7a000 	C:\Windows\SYSTEM32\VERSION.dll
0x00007ffcbe170000 - 0x00007ffcbe1a1000 	C:\Windows\System32\IMM32.DLL
0x00007ffcb7590000 - 0x00007ffcb759c000 	C:\Program Files\Java\jdk-19\bin\vcruntime140_1.dll
0x00007ffc96ab0000 - 0x00007ffc96b3e000 	C:\Program Files\Java\jdk-19\bin\msvcp140.dll
0x00007ffc751d0000 - 0x00007ffc75e90000 	C:\Program Files\Java\jdk-19\bin\server\jvm.dll
0x00007ffcb8c80000 - 0x00007ffcb8c89000 	C:\Windows\SYSTEM32\WSOCK32.dll
0x00007ffcbce10000 - 0x00007ffcbce7f000 	C:\Windows\System32\WS2_32.dll
0x00007ffcb54e0000 - 0x00007ffcb5513000 	C:\Windows\SYSTEM32\WINMM.dll
0x00007ffcbb5b0000 - 0x00007ffcbb5c8000 	C:\Windows\SYSTEM32\kernel.appcore.dll
0x00007ffcaf400000 - 0x00007ffcaf40a000 	C:\Program Files\Java\jdk-19\bin\jimage.dll
0x00007ffcba030000 - 0x00007ffcba251000 	C:\Windows\SYSTEM32\DBGHELP.DLL
0x00007ffca4bc0000 - 0x00007ffca4bf1000 	C:\Windows\SYSTEM32\dbgcore.DLL
0x00007ffcbcbb0000 - 0x00007ffcbcc2f000 	C:\Windows\System32\bcryptPrimitives.dll
0x00007ffca8b70000 - 0x00007ffca8b96000 	C:\Program Files\Java\jdk-19\bin\java.dll
0x00007ffc84d40000 - 0x00007ffc84e17000 	C:\Program Files\Java\jdk-19\bin\jsvml.dll
0x00007ffcbd830000 - 0x00007ffcbdfe8000 	C:\Windows\System32\SHELL32.dll
0x00007ffcba590000 - 0x00007ffcbadf8000 	C:\Windows\SYSTEM32\windows.storage.dll
0x00007ffcbd130000 - 0x00007ffcbd4a9000 	C:\Windows\System32\combase.dll
0x00007ffcba420000 - 0x00007ffcba586000 	C:\Windows\SYSTEM32\wintypes.dll
0x00007ffcbee50000 - 0x00007ffcbef3a000 	C:\Windows\System32\SHCORE.dll
0x00007ffcbcfb0000 - 0x00007ffcbd00d000 	C:\Windows\System32\shlwapi.dll
0x00007ffcbc390000 - 0x00007ffcbc3b1000 	C:\Windows\SYSTEM32\profapi.dll
0x00007ffcad180000 - 0x00007ffcad193000 	C:\Program Files\Java\jdk-19\bin\net.dll
0x00007ffcb6d90000 - 0x00007ffcb6e9c000 	C:\Windows\SYSTEM32\WINHTTP.dll
0x00007ffcbba00000 - 0x00007ffcbba67000 	C:\Windows\system32\mswsock.dll
0x00007ffc9f220000 - 0x00007ffc9f236000 	C:\Program Files\Java\jdk-19\bin\nio.dll
0x00007ffc9f200000 - 0x00007ffc9f218000 	C:\Program Files\Java\jdk-19\bin\zip.dll
0x00007ffc82430000 - 0x00007ffc825c1000 	C:\Program Files\Java\jdk-19\bin\awt.dll
0x00007ffcbd4b0000 - 0x00007ffcbd586000 	C:\Windows\System32\OLEAUT32.dll
0x00007ffcb9470000 - 0x00007ffcb9501000 	C:\Windows\SYSTEM32\apphelp.dll
0x00007ffcb9a40000 - 0x00007ffcb9a6f000 	C:\Windows\system32\DWMAPI.DLL
0x00007ffcb9650000 - 0x00007ffcb96fc000 	C:\Windows\system32\uxtheme.dll
0x00007ffc6a7d0000 - 0x00007ffc6a8d1000 	C:\Windows\system32\opengl32.dll
0x00007ffc6c930000 - 0x00007ffc6c95d000 	C:\Windows\SYSTEM32\GLU32.dll
0x00007ffcb99b0000 - 0x00007ffcb99e8000 	C:\Windows\SYSTEM32\dxcore.dll
0x00007ffcbd010000 - 0x00007ffcbd12e000 	C:\Windows\System32\MSCTF.dll
0x00007ffcbe7d0000 - 0x00007ffcbe96a000 	C:\Windows\System32\ole32.dll
0x00007ffcad6c0000 - 0x00007ffcad866000 	C:\Windows\system32\d3d9.dll
0x00007ffcb3560000 - 0x00007ffcb371b000 	C:\Windows\System32\DriverStore\FileRepository\u0390482.inf_amd64_3ac3bea5e6c25b50\B389503\aticfx64.dll
0x00007ffc53410000 - 0x00007ffc551e1000 	C:\Windows\System32\DriverStore\FileRepository\u0390482.inf_amd64_3ac3bea5e6c25b50\B389503\amdxn64.dll
0x00007ffcbe260000 - 0x00007ffcbe6cc000 	C:\Windows\System32\SETUPAPI.dll
0x00007ffcb98b0000 - 0x00007ffcb99a3000 	C:\Windows\SYSTEM32\dxgi.dll
0x00007ffcbbe40000 - 0x00007ffcbbe67000 	C:\Windows\SYSTEM32\BCrypt.dll
0x00007ffcb0970000 - 0x00007ffcb09a5000 	C:\Windows\SYSTEM32\amdihk64.dll
0x00007ffcb75b0000 - 0x00007ffcb75f4000 	C:\Windows\SYSTEM32\directxdatabasehelper.dll
0x00007ffcb9a70000 - 0x00007ffcb9aa4000 	C:\Windows\SYSTEM32\ntmarta.dll
0x00007ffc884a0000 - 0x00007ffc88526000 	C:\Program Files\Java\jdk-19\bin\freetype.dll
0x00007ffc82950000 - 0x00007ffc82a16000 	C:\Program Files\Java\jdk-19\bin\fontmanager.dll
0x00007ffcbe1b0000 - 0x00007ffcbe25f000 	C:\Windows\System32\clbcatq.dll
0x00007ffcb5330000 - 0x00007ffcb54de000 	C:\Windows\SYSTEM32\WindowsCodecs.dll
0x00007ffc93d80000 - 0x00007ffc93ddd000 	C:\Windows\system32\dataexchange.dll
0x00007ffcb4890000 - 0x00007ffcb4af6000 	C:\Windows\system32\twinapi.appcore.dll
0x00007ffcad350000 - 0x00007ffcad47d000 	C:\Windows\SYSTEM32\textinputframework.dll

dbghelp: loaded successfully - version: 4.0.5 - missing functions: none
symbol engine: initialized successfully - sym options: 0x614 - pdb path: .;C:\Program Files\Java\jdk-19\bin;C:\Windows\SYSTEM32;C:\Windows\WinSxS\amd64_microsoft.windows.common-controls_6595b64144ccf1df_6.0.22000.120_none_9d947278b86cc467;C:\Program Files\Java\jdk-19\bin\server;C:\Windows\System32\DriverStore\FileRepository\u0390482.inf_amd64_3ac3bea5e6c25b50\B389503

VM Arguments:
java_command: com.mycompany.perpusdata.Perpusdata
java_class_path (initial): C:\Users\refah\OneDrive\Documents\NetBeansProjects\prakpem1\perpusdata\target\classes;C:\Users\refah\.m2\repository\com\mysql\mysql-connector-j\8.0.33\mysql-connector-j-8.0.33.jar;C:\Users\refah\.m2\repository\com\google\protobuf\protobuf-java\3.21.9\protobuf-java-3.21.9.jar;C:\Users\refah\.m2\repository\org\netbeans\external\AbsoluteLayout\RELEASE160\AbsoluteLayout-RELEASE160.jar
Launcher Type: SUN_STANDARD

[Global flags]
     intx CICompilerCount                          = 4                                         {product} {ergonomic}
     uint ConcGCThreads                            = 2                                         {product} {ergonomic}
     uint G1ConcRefinementThreads                  = 8                                         {product} {ergonomic}
   size_t G1HeapRegionSize                         = 1048576                                   {product} {ergonomic}
    uintx GCDrainStackTargetSize                   = 64                                        {product} {ergonomic}
   size_t InitialHeapSize                          = 96468992                                  {product} {ergonomic}
   size_t MarkStackSize                            = 4194304                                   {product} {ergonomic}
   size_t MaxHeapSize                              = 1541406720                                {product} {ergonomic}
   size_t MaxNewSize                               = 924844032                                 {product} {ergonomic}
   size_t MinHeapDeltaBytes                        = 1048576                                   {product} {ergonomic}
   size_t MinHeapSize                              = 8388608                                   {product} {ergonomic}
    uintx NonNMethodCodeHeapSize                   = 5839372                                {pd product} {ergonomic}
    uintx NonProfiledCodeHeapSize                  = 122909434                              {pd product} {ergonomic}
    uintx ProfiledCodeHeapSize                     = 122909434                              {pd product} {ergonomic}
    uintx ReservedCodeCacheSize                    = 251658240                              {pd product} {ergonomic}
     bool SegmentedCodeCache                       = true                                      {product} {ergonomic}
   size_t SoftMaxHeapSize                          = 1541406720                             {manageable} {ergonomic}
     bool UseCompressedClassPointers               = true                           {product lp64_product} {ergonomic}
     bool UseCompressedOops                        = true                           {product lp64_product} {ergonomic}
     bool UseG1GC                                  = true                                      {product} {ergonomic}
     bool UseLargePagesIndividualAllocation        = false                                  {pd product} {ergonomic}

Logging:
Log output configuration:
 #0: stdout all=warning uptime,level,tags foldmultilines=false
 #1: stderr all=off uptime,level,tags foldmultilines=false

Environment Variables:
JAVA_HOME=C:\Program Files\Java\jdk-19
PATH=C:\Program Files\Python311\Scripts\;C:\Program Files\Python311\;C:\Program Files\Common Files\Oracle\Java\javapath;C:\Windows\system32;C:\Windows;C:\Windows\System32\Wbem;C:\Windows\System32\WindowsPowerShell\v1.0\;C:\Windows\System32\OpenSSH\;C:\Users\refah\AppData\Local\Microsoft\WindowsApps;C:\Users\refah\AppData\Local\Programs\Microsoft VS Code\bin;C:\Users\refah\AppData\Local\GitHubDesktop\bin
USERNAME=refah
OS=Windows_NT
PROCESSOR_IDENTIFIER=AMD64 Family 23 Model 160 Stepping 0, AuthenticAMD
TMP=C:\Users\refah\AppData\Local\Temp
TEMP=C:\Users\refah\AppData\Local\Temp



---------------  S Y S T E M  ---------------

OS:
 Windows 11 , 64 bit Build 22000 (10.0.22000.708)
OS uptime: 1 days 1:10 hours
Hyper-V role detected

CPU: total 8 (initial active 8) (8 cores per cpu, 2 threads per core) family 23 model 160 stepping 0 microcode 0x0, cx8, cmov, fxsr, ht, mmx, 3dnowpref, sse, sse2, sse3, ssse3, sse4a, sse4.1, sse4.2, popcnt, lzcnt, tsc, tscinvbit, avx, avx2, aes, clmul, bmi1, bmi2, adx, sha, fma, vzeroupper, clflush, clflushopt, hv, rdtscp, rdpid

Memory: 4k page, system-wide physical 5877M (647M free)
TotalPageFile size 14069M (AvailPageFile size 0M)
current process WorkingSet (physical memory assigned to process): 96M, peak: 96M
current process commit charge ("private bytes"): 252M, peak: 253M

vm_info: Java HotSpot(TM) 64-Bit Server VM (19.0.2+7-44) for windows-amd64 JRE (19.0.2+7-44), built on 2022-11-30T18:02:09Z by "mach5one" with MS VC++ 17.1 (VS2022)

END.
